#
# There is insufficient memory for the Java Runtime Environment to continue.
# Native memory allocation (malloc) failed to allocate 560400 bytes for Chunk::new
# Possible reasons:
#   The system is out of physical RAM or swap space
#   The process is running with CompressedOops enabled, and the Java Heap may be blocking the growth of the native heap
# Possible solutions:
#   Reduce memory load on the system
#   Increase physical memory or swap space
#   Check if swap backing store is full
#   Decrease Java heap size (-Xmx/-Xms)
#   Decrease number of Java threads
#   Decrease Java thread stack sizes (-Xss)
#   Set larger code cache with -XX:ReservedCodeCacheSize=
#   JVM is running with Unscaled Compressed Oops mode in which the Java heap is
#     placed in the first 4GB address space. The Java Heap base address is the
#     maximum limit for the native heap growth. Please use -XX:HeapBaseMinAddress
#     to set the Java Heap base and to place the Java Heap above 4GB virtual address.
# This output file may be truncated or incomplete.
#
#  Out of Memory Error (arena.cpp:195), pid=848, tid=15264
#
# JRE version: OpenJDK Runtime Environment (16.0.2+7) (build 16.0.2+7-67)
# Java VM: OpenJDK 64-Bit Server VM (16.0.2+7-67, mixed mode, tiered, compressed oops, compressed class ptrs, g1 gc, windows-amd64)
# No core dump will be written. Minidumps are not enabled by default on client versions of Windows
#

---------------  S U M M A R Y ------------

Command Line: -ea -Dfile.encoding=Cp1252 -XX:+ShowCodeDetailsInExceptionMessages org.testng.remote.RemoteTestNG -serport 59901 -protocol json -d C:\Users\Parimal\eclipse-workspace\EcommerceTesting\test-output C:\Users\Parimal\AppData\Local\Temp\testng-eclipse-323702997\testng-customsuite.xml

Host: Intel(R) Core(TM) i5-4210U CPU @ 1.70GHz, 4 cores, 3G,  Windows 10 , 64 bit Build 18362 (10.0.18362.329)
Time: Sun Aug 22 00:42:29 2021 India Standard Time elapsed time: 1.440858 seconds (0d 0h 0m 1s)

---------------  T H R E A D  ---------------

Current thread (0x0000015274c0e840):  JavaThread "C2 CompilerThread0" daemon [_thread_in_native, id=15264, stack(0x00000008bb700000,0x00000008bb800000)]


Current CompileTask:
C2:   1441 1038   !   4       jdk.internal.loader.URLClassPath$JarLoader::getResource (65 bytes)

Stack: [0x00000008bb700000,0x00000008bb800000]
Native frames: (J=compiled Java code, j=interpreted, Vv=VM code, C=native code)
V  [jvm.dll+0x6681ca]
V  [jvm.dll+0x7c9e69]
V  [jvm.dll+0x7cb61e]
V  [jvm.dll+0x7cbc73]
V  [jvm.dll+0x242c55]
V  [jvm.dll+0xadeba]
V  [jvm.dll+0xae45c]
V  [jvm.dll+0x35a8d7]
V  [jvm.dll+0x324de1]
V  [jvm.dll+0x32428a]
V  [jvm.dll+0x215cec]
V  [jvm.dll+0x215100]
V  [jvm.dll+0x1a1beb]
V  [jvm.dll+0x225158]
V  [jvm.dll+0x22319c]
V  [jvm.dll+0x77fa62]
V  [jvm.dll+0x7795aa]
V  [jvm.dll+0x667066]
C  [ucrtbase.dll+0x20e72]
C  [KERNEL32.DLL+0x17bd4]
C  [ntdll.dll+0x6ced1]


---------------  P R O C E S S  ---------------

Threads class SMR info:
_java_thread_list=0x0000015276164ea0, length=13, elements={
0x000001525dc15680, 0x0000015274bd2020, 0x0000015274bd5080, 0x0000015274c075b0,
0x0000015274c07ec0, 0x0000015274c09df0, 0x0000015274c0dc00, 0x0000015274c0e840,
0x0000015274c0f240, 0x0000015274c2f830, 0x000001527594d0f0, 0x0000015275987020,
0x0000015275972890
}

Java Threads: ( => current thread )
  0x000001525dc15680 JavaThread "main" [_thread_in_Java, id=18712, stack(0x00000008baa00000,0x00000008bab00000)]
  0x0000015274bd2020 JavaThread "Reference Handler" daemon [_thread_blocked, id=17604, stack(0x00000008bb100000,0x00000008bb200000)]
  0x0000015274bd5080 JavaThread "Finalizer" daemon [_thread_blocked, id=19900, stack(0x00000008bb200000,0x00000008bb300000)]
  0x0000015274c075b0 JavaThread "Signal Dispatcher" daemon [_thread_blocked, id=17440, stack(0x00000008bb300000,0x00000008bb400000)]
  0x0000015274c07ec0 JavaThread "Attach Listener" daemon [_thread_blocked, id=14508, stack(0x00000008bb400000,0x00000008bb500000)]
  0x0000015274c09df0 JavaThread "Service Thread" daemon [_thread_blocked, id=19100, stack(0x00000008bb500000,0x00000008bb600000)]
  0x0000015274c0dc00 JavaThread "Monitor Deflation Thread" daemon [_thread_blocked, id=8160, stack(0x00000008bb600000,0x00000008bb700000)]
=>0x0000015274c0e840 JavaThread "C2 CompilerThread0" daemon [_thread_in_native, id=15264, stack(0x00000008bb700000,0x00000008bb800000)]
  0x0000015274c0f240 JavaThread "C1 CompilerThread0" daemon [_thread_blocked, id=11612, stack(0x00000008bb800000,0x00000008bb900000)]
  0x0000015274c2f830 JavaThread "Sweeper thread" daemon [_thread_blocked, id=19580, stack(0x00000008bb900000,0x00000008bba00000)]
  0x000001527594d0f0 JavaThread "Notification Thread" daemon [_thread_blocked, id=17024, stack(0x00000008bba00000,0x00000008bbb00000)]
  0x0000015275987020 JavaThread "Common-Cleaner" daemon [_thread_blocked, id=8292, stack(0x00000008bbc00000,0x00000008bbd00000)]
  0x0000015275972890 JavaThread "ReaderThread" [_thread_in_native, id=19256, stack(0x00000008bbe00000,0x00000008bbf00000)]

Other Threads:
  0x000001525dcde9d0 VMThread "VM Thread" [stack: 0x00000008bb000000,0x00000008bb100000] [id=13048]
  0x000001527596f630 WatcherThread [stack: 0x00000008bbb00000,0x00000008bbc00000] [id=13472]
  0x000001525dc43b80 GCTaskThread "GC Thread#0" [stack: 0x00000008bab00000,0x00000008bac00000] [id=5572]
  0x0000015276233a50 GCTaskThread "GC Thread#1" [stack: 0x00000008bbf00000,0x00000008bc000000] [id=4364]
  0x0000015276324840 GCTaskThread "GC Thread#2" [stack: 0x00000008bc000000,0x00000008bc100000] [id=10872]
  0x000001527622dad0 GCTaskThread "GC Thread#3" [stack: 0x00000008bc100000,0x00000008bc200000] [id=19084]
  0x000001525dc4d1b0 ConcurrentGCThread "G1 Main Marker" [stack: 0x00000008bac00000,0x00000008bad00000] [id=10368]
  0x000001525dc4ebc0 ConcurrentGCThread "G1 Conc#0" [stack: 0x00000008bad00000,0x00000008bae00000] [id=16432]
  0x000001525dc9d550 ConcurrentGCThread "G1 Refine#0" [stack: 0x00000008bae00000,0x00000008baf00000] [id=9584]
  0x000001527622e5f0 ConcurrentGCThread "G1 Refine#1" [stack: 0x00000008bc200000,0x00000008bc300000] [id=11864]
  0x000001525dca2f00 ConcurrentGCThread "G1 Service" [stack: 0x00000008baf00000,0x00000008bb000000] [id=3456]

Threads with active compile tasks:
C2 CompilerThread0     1617 1038   !   4       jdk.internal.loader.URLClassPath$JarLoader::getResource (65 bytes)

VM state: not at safepoint (normal execution)

VM Mutex/Monitor currently owned by a thread: None

Heap address: 0x00000000c0e00000, size: 1010 MB, Compressed Oops mode: 32-bit

CDS disabled.
Compressed class space mapped at: 0x0000000100000000-0x0000000140000000, reserved size: 1073741824
Narrow klass base: 0x0000000000000000, Narrow klass shift: 3, Narrow klass range: 0x140000000

GC Precious Log:
 CPUs: 4 total, 4 available
 Memory: 4032M
 Large Page Support: Disabled
 NUMA Support: Disabled
 Compressed Oops: Enabled (32-bit)
 Heap Region Size: 1M
 Heap Min Capacity: 8M
 Heap Initial Capacity: 64M
 Heap Max Capacity: 1010M
 Pre-touch: Disabled
 Parallel Workers: 4
 Concurrent Workers: 1
 Concurrent Refinement Workers: 4
 Periodic GC: Disabled

Heap:
 garbage-first heap   total 65536K, used 8107K [0x00000000c0e00000, 0x0000000100000000)
  region size 1024K, 4 young (4096K), 2 survivors (2048K)
 Metaspace       used 16528K, committed 16640K, reserved 1064960K
  class space    used 1588K, committed 1664K, reserved 1048576K

Heap Regions: E=young(eden), S=young(survivor), O=old, HS=humongous(starts), HC=humongous(continues), CS=collection set, F=free, OA=open archive, CA=closed archive, TAMS=top-at-mark-start (previous, next)
|   0|0x00000000c0e00000, 0x00000000c0f00000, 0x00000000c0f00000|100%|HS|  |TAMS 0x00000000c0e00000, 0x00000000c0e00000| Complete 
|   1|0x00000000c0f00000, 0x00000000c1000000, 0x00000000c1000000|100%| O|  |TAMS 0x00000000c0f00000, 0x00000000c0f00000| Untracked 
|   2|0x00000000c1000000, 0x00000000c1100000, 0x00000000c1100000|100%| O|  |TAMS 0x00000000c1000000, 0x00000000c1000000| Untracked 
|   3|0x00000000c1100000, 0x00000000c1200000, 0x00000000c1200000|100%| O|  |TAMS 0x00000000c1100000, 0x00000000c1100000| Untracked 
|   4|0x00000000c1200000, 0x00000000c1300000, 0x00000000c1300000|100%| O|  |TAMS 0x00000000c1200000, 0x00000000c1200000| Untracked 
|   5|0x00000000c1300000, 0x00000000c13a4400, 0x00000000c1400000| 64%| O|  |TAMS 0x00000000c1300000, 0x00000000c1300000| Untracked 
|   6|0x00000000c1400000, 0x00000000c1400000, 0x00000000c1500000|  0%| F|  |TAMS 0x00000000c1400000, 0x00000000c1400000| Untracked 
|   7|0x00000000c1500000, 0x00000000c1500000, 0x00000000c1600000|  0%| F|  |TAMS 0x00000000c1500000, 0x00000000c1500000| Untracked 
|   8|0x00000000c1600000, 0x00000000c1600000, 0x00000000c1700000|  0%| F|  |TAMS 0x00000000c1600000, 0x00000000c1600000| Untracked 
|   9|0x00000000c1700000, 0x00000000c1700000, 0x00000000c1800000|  0%| F|  |TAMS 0x00000000c1700000, 0x00000000c1700000| Untracked 
|  10|0x00000000c1800000, 0x00000000c1800000, 0x00000000c1900000|  0%| F|  |TAMS 0x00000000c1800000, 0x00000000c1800000| Untracked 
|  11|0x00000000c1900000, 0x00000000c1900000, 0x00000000c1a00000|  0%| F|  |TAMS 0x00000000c1900000, 0x00000000c1900000| Untracked 
|  12|0x00000000c1a00000, 0x00000000c1a00000, 0x00000000c1b00000|  0%| F|  |TAMS 0x00000000c1a00000, 0x00000000c1a00000| Untracked 
|  13|0x00000000c1b00000, 0x00000000c1b00000, 0x00000000c1c00000|  0%| F|  |TAMS 0x00000000c1b00000, 0x00000000c1b00000| Untracked 
|  14|0x00000000c1c00000, 0x00000000c1c00000, 0x00000000c1d00000|  0%| F|  |TAMS 0x00000000c1c00000, 0x00000000c1c00000| Untracked 
|  15|0x00000000c1d00000, 0x00000000c1d00000, 0x00000000c1e00000|  0%| F|  |TAMS 0x00000000c1d00000, 0x00000000c1d00000| Untracked 
|  16|0x00000000c1e00000, 0x00000000c1e00000, 0x00000000c1f00000|  0%| F|  |TAMS 0x00000000c1e00000, 0x00000000c1e00000| Untracked 
|  17|0x00000000c1f00000, 0x00000000c1f00000, 0x00000000c2000000|  0%| F|  |TAMS 0x00000000c1f00000, 0x00000000c1f00000| Untracked 
|  18|0x00000000c2000000, 0x00000000c2000000, 0x00000000c2100000|  0%| F|  |TAMS 0x00000000c2000000, 0x00000000c2000000| Untracked 
|  19|0x00000000c2100000, 0x00000000c2100000, 0x00000000c2200000|  0%| F|  |TAMS 0x00000000c2100000, 0x00000000c2100000| Untracked 
|  20|0x00000000c2200000, 0x00000000c2200000, 0x00000000c2300000|  0%| F|  |TAMS 0x00000000c2200000, 0x00000000c2200000| Untracked 
|  21|0x00000000c2300000, 0x00000000c2300000, 0x00000000c2400000|  0%| F|  |TAMS 0x00000000c2300000, 0x00000000c2300000| Untracked 
|  22|0x00000000c2400000, 0x00000000c2400000, 0x00000000c2500000|  0%| F|  |TAMS 0x00000000c2400000, 0x00000000c2400000| Untracked 
|  23|0x00000000c2500000, 0x00000000c2500000, 0x00000000c2600000|  0%| F|  |TAMS 0x00000000c2500000, 0x00000000c2500000| Untracked 
|  24|0x00000000c2600000, 0x00000000c2600000, 0x00000000c2700000|  0%| F|  |TAMS 0x00000000c2600000, 0x00000000c2600000| Untracked 
|  25|0x00000000c2700000, 0x00000000c2700000, 0x00000000c2800000|  0%| F|  |TAMS 0x00000000c2700000, 0x00000000c2700000| Untracked 
|  26|0x00000000c2800000, 0x00000000c2800000, 0x00000000c2900000|  0%| F|  |TAMS 0x00000000c2800000, 0x00000000c2800000| Untracked 
|  27|0x00000000c2900000, 0x00000000c2900000, 0x00000000c2a00000|  0%| F|  |TAMS 0x00000000c2900000, 0x00000000c2900000| Untracked 
|  28|0x00000000c2a00000, 0x00000000c2a00000, 0x00000000c2b00000|  0%| F|  |TAMS 0x00000000c2a00000, 0x00000000c2a00000| Untracked 
|  29|0x00000000c2b00000, 0x00000000c2b00000, 0x00000000c2c00000|  0%| F|  |TAMS 0x00000000c2b00000, 0x00000000c2b00000| Untracked 
|  30|0x00000000c2c00000, 0x00000000c2c00000, 0x00000000c2d00000|  0%| F|  |TAMS 0x00000000c2c00000, 0x00000000c2c00000| Untracked 
|  31|0x00000000c2d00000, 0x00000000c2d00000, 0x00000000c2e00000|  0%| F|  |TAMS 0x00000000c2d00000, 0x00000000c2d00000| Untracked 
|  32|0x00000000c2e00000, 0x00000000c2e00000, 0x00000000c2f00000|  0%| F|  |TAMS 0x00000000c2e00000, 0x00000000c2e00000| Untracked 
|  33|0x00000000c2f00000, 0x00000000c2f00000, 0x00000000c3000000|  0%| F|  |TAMS 0x00000000c2f00000, 0x00000000c2f00000| Untracked 
|  34|0x00000000c3000000, 0x00000000c3000000, 0x00000000c3100000|  0%| F|  |TAMS 0x00000000c3000000, 0x00000000c3000000| Untracked 
|  35|0x00000000c3100000, 0x00000000c3100000, 0x00000000c3200000|  0%| F|  |TAMS 0x00000000c3100000, 0x00000000c3100000| Untracked 
|  36|0x00000000c3200000, 0x00000000c3200000, 0x00000000c3300000|  0%| F|  |TAMS 0x00000000c3200000, 0x00000000c3200000| Untracked 
|  37|0x00000000c3300000, 0x00000000c3300000, 0x00000000c3400000|  0%| F|  |TAMS 0x00000000c3300000, 0x00000000c3300000| Untracked 
|  38|0x00000000c3400000, 0x00000000c3400000, 0x00000000c3500000|  0%| F|  |TAMS 0x00000000c3400000, 0x00000000c3400000| Untracked 
|  39|0x00000000c3500000, 0x00000000c3500000, 0x00000000c3600000|  0%| F|  |TAMS 0x00000000c3500000, 0x00000000c3500000| Untracked 
|  40|0x00000000c3600000, 0x00000000c3600000, 0x00000000c3700000|  0%| F|  |TAMS 0x00000000c3600000, 0x00000000c3600000| Untracked 
|  41|0x00000000c3700000, 0x00000000c3700000, 0x00000000c3800000|  0%| F|  |TAMS 0x00000000c3700000, 0x00000000c3700000| Untracked 
|  42|0x00000000c3800000, 0x00000000c3800000, 0x00000000c3900000|  0%| F|  |TAMS 0x00000000c3800000, 0x00000000c3800000| Untracked 
|  43|0x00000000c3900000, 0x00000000c3900000, 0x00000000c3a00000|  0%| F|  |TAMS 0x00000000c3900000, 0x00000000c3900000| Untracked 
|  44|0x00000000c3a00000, 0x00000000c3a00000, 0x00000000c3b00000|  0%| F|  |TAMS 0x00000000c3a00000, 0x00000000c3a00000| Untracked 
|  45|0x00000000c3b00000, 0x00000000c3b00000, 0x00000000c3c00000|  0%| F|  |TAMS 0x00000000c3b00000, 0x00000000c3b00000| Untracked 
|  46|0x00000000c3c00000, 0x00000000c3c00000, 0x00000000c3d00000|  0%| F|  |TAMS 0x00000000c3c00000, 0x00000000c3c00000| Untracked 
|  47|0x00000000c3d00000, 0x00000000c3d00000, 0x00000000c3e00000|  0%| F|  |TAMS 0x00000000c3d00000, 0x00000000c3d00000| Untracked 
|  48|0x00000000c3e00000, 0x00000000c3e00000, 0x00000000c3f00000|  0%| F|  |TAMS 0x00000000c3e00000, 0x00000000c3e00000| Untracked 
|  49|0x00000000c3f00000, 0x00000000c3f00000, 0x00000000c4000000|  0%| F|  |TAMS 0x00000000c3f00000, 0x00000000c3f00000| Untracked 
|  50|0x00000000c4000000, 0x00000000c4000000, 0x00000000c4100000|  0%| F|  |TAMS 0x00000000c4000000, 0x00000000c4000000| Untracked 
|  51|0x00000000c4100000, 0x00000000c4100000, 0x00000000c4200000|  0%| F|  |TAMS 0x00000000c4100000, 0x00000000c4100000| Untracked 
|  52|0x00000000c4200000, 0x00000000c4200000, 0x00000000c4300000|  0%| F|  |TAMS 0x00000000c4200000, 0x00000000c4200000| Untracked 
|  53|0x00000000c4300000, 0x00000000c4346850, 0x00000000c4400000| 27%| S|CS|TAMS 0x00000000c4300000, 0x00000000c4300000| Complete 
|  54|0x00000000c4400000, 0x00000000c4500000, 0x00000000c4500000|100%| S|CS|TAMS 0x00000000c4400000, 0x00000000c4400000| Complete 
|  55|0x00000000c4500000, 0x00000000c4500000, 0x00000000c4600000|  0%| F|  |TAMS 0x00000000c4500000, 0x00000000c4500000| Untracked 
|  56|0x00000000c4600000, 0x00000000c4600000, 0x00000000c4700000|  0%| F|  |TAMS 0x00000000c4600000, 0x00000000c4600000| Untracked 
|  57|0x00000000c4700000, 0x00000000c4700000, 0x00000000c4800000|  0%| F|  |TAMS 0x00000000c4700000, 0x00000000c4700000| Untracked 
|  58|0x00000000c4800000, 0x00000000c4800000, 0x00000000c4900000|  0%| F|  |TAMS 0x00000000c4800000, 0x00000000c4800000| Untracked 
|  59|0x00000000c4900000, 0x00000000c4900000, 0x00000000c4a00000|  0%| F|  |TAMS 0x00000000c4900000, 0x00000000c4900000| Untracked 
|  60|0x00000000c4a00000, 0x00000000c4a00000, 0x00000000c4b00000|  0%| F|  |TAMS 0x00000000c4a00000, 0x00000000c4a00000| Untracked 
|  61|0x00000000c4b00000, 0x00000000c4b00000, 0x00000000c4c00000|  0%| F|  |TAMS 0x00000000c4b00000, 0x00000000c4b00000| Untracked 
|  62|0x00000000c4c00000, 0x00000000c4c774c8, 0x00000000c4d00000| 46%| E|  |TAMS 0x00000000c4c00000, 0x00000000c4c00000| Complete 
|  63|0x00000000c4d00000, 0x00000000c4e00000, 0x00000000c4e00000|100%| E|CS|TAMS 0x00000000c4d00000, 0x00000000c4d00000| Complete 

Card table byte_map: [0x0000015270380000,0x0000015270580000] _byte_map_base: 0x000001526fd79000

Marking Bits (Prev, Next): (CMBitMap*) 0x000001525dc44180, (CMBitMap*) 0x000001525dc441c0
 Prev Bits: [0x0000015270780000, 0x0000015271748000)
 Next Bits: [0x0000015271750000, 0x0000015272718000)

Polling page: 0x000001525bb50000

Metaspace:

Usage:
  Non-class:     14.62 MB used.
      Class:      1.55 MB used.
       Both:     16.17 MB used.

Virtual space:
  Non-class space:       16.00 MB reserved,      14.69 MB ( 92%) committed,  2 nodes.
      Class space:        1.00 GB reserved,       1.63 MB ( <1%) committed,  1 nodes.
              Both:        1.02 GB reserved,      16.31 MB (  2%) committed. 

Chunk freelists:
   Non-Class:  608.00 KB
       Class:  2.19 MB
        Both:  2.78 MB

MaxMetaspaceSize: 17179869184.00 GB
CompressedClassSpaceSize: 1.00 GB
 - commit_granule_bytes: 65536.
 - commit_granule_words: 8192.
 - virtual_space_node_default_size: 1048576.
 - enlarge_chunks_in_place: 1.
 - new_chunks_are_fully_committed: 0.
 - uncommit_free_chunks: 1.
 - use_allocation_guard: 0.
 - handle_deallocations: 1.


Internal statistics:

num_allocs_failed_limit: 0.
num_arena_births: 78.
num_arena_deaths: 0.
num_vsnodes_births: 3.
num_vsnodes_deaths: 0.
num_space_committed: 261.
num_space_uncommitted: 0.
num_chunks_returned_to_freelist: 0.
num_chunks_taken_from_freelist: 276.
num_chunk_merges: 0.
num_chunk_splits: 171.
num_chunks_enlarged: 128.
num_purges: 0.

CodeHeap 'non-profiled nmethods': size=120000Kb used=330Kb max_used=330Kb free=119669Kb
 bounds [0x0000015268c50000, 0x0000015268ec0000, 0x0000015270180000]
CodeHeap 'profiled nmethods': size=120000Kb used=2267Kb max_used=2267Kb free=117732Kb
 bounds [0x0000015261720000, 0x0000015261990000, 0x0000015268c50000]
CodeHeap 'non-nmethods': size=5760Kb used=1166Kb max_used=1166Kb free=4594Kb
 bounds [0x0000015261180000, 0x00000152613f0000, 0x0000015261720000]
 total_blobs=1677 nmethods=1222 adapters=368
 compilation: enabled
              stopped_count=0, restarted_count=0
 full_count=0

Compilation events (20 events):
Event: 1.386 Thread 0x0000015274c0f240 nmethod 1063 0x00000152618f5790 code [0x00000152618f5920, 0x00000152618f5a98]
Event: 1.386 Thread 0x0000015274c0f240 1064       1       sun.util.locale.BaseLocale$Key::hashCode (5 bytes)
Event: 1.387 Thread 0x0000015274c0f240 nmethod 1064 0x0000015268c9e590 code [0x0000015268c9e720, 0x0000015268c9e7f8]
Event: 1.387 Thread 0x0000015274c0f240 1062       1       sun.util.locale.StringTokenIterator::currentEnd (5 bytes)
Event: 1.387 Thread 0x0000015274c0f240 nmethod 1062 0x0000015268c9e890 code [0x0000015268c9ea20, 0x0000015268c9eaf8]
Event: 1.387 Thread 0x0000015274c0f240 1065       3       sun.util.locale.ParseStatus::isError (13 bytes)
Event: 1.387 Thread 0x0000015274c0f240 nmethod 1065 0x00000152618f5b10 code [0x00000152618f5ca0, 0x00000152618f5e18]
Event: 1.387 Thread 0x0000015274c0f240 1066       3       sun.util.locale.BaseLocale::hashCode (67 bytes)
Event: 1.387 Thread 0x0000015274c0f240 nmethod 1066 0x00000152618f5e90 code [0x00000152618f6060, 0x00000152618f6338]
Event: 1.387 Thread 0x0000015274c0f240 1067       3       sun.util.locale.LocaleObjectCache::get (126 bytes)
Event: 1.388 Thread 0x0000015274c0f240 nmethod 1067 0x00000152618f6490 code [0x00000152618f6760, 0x00000152618f7a68]
Event: 1.388 Thread 0x0000015274c0f240 1068       3       sun.util.locale.LocaleObjectCache::cleanStaleEntries (34 bytes)
Event: 1.388 Thread 0x0000015274c0f240 nmethod 1068 0x00000152618f7f90 code [0x00000152618f8180, 0x00000152618f8778]
Event: 1.388 Thread 0x0000015274c0f240 1073       3       sun.util.locale.StringTokenIterator::nextDelimiter (116 bytes)
Event: 1.389 Thread 0x0000015274c0f240 nmethod 1073 0x00000152618f8990 code [0x00000152618f8cc0, 0x00000152618fa118]
Event: 1.389 Thread 0x0000015274c0f240 1074       3       sun.util.locale.LocaleUtils::isAlphaString (33 bytes)
Event: 1.390 Thread 0x0000015274c0f240 nmethod 1074 0x00000152618faa10 code [0x00000152618fac40, 0x00000152618fb538]
Event: 1.390 Thread 0x0000015274c0f240 1079       3       sun.util.locale.LocaleUtils::toUpperString (95 bytes)
Event: 1.391 Thread 0x0000015274c0f240 nmethod 1079 0x00000152618fb890 code [0x00000152618fbb80, 0x00000152618fcd28]
Event: 1.391 Thread 0x0000015274c0f240 1081       3       sun.util.locale.BaseLocale$Key::hashCode (178 bytes)

GC Heap History (2 events):
Event: 1.070 GC heap before
{Heap before GC invocations=0 (full 0):
 garbage-first heap   total 65536K, used 13312K [0x00000000c0e00000, 0x0000000100000000)
  region size 1024K, 13 young (13312K), 0 survivors (0K)
 Metaspace       used 12758K, committed 12928K, reserved 1064960K
  class space    used 1202K, committed 1280K, reserved 1048576K
}
Event: 1.085 GC heap after
{Heap after GC invocations=1 (full 0):
 garbage-first heap   total 65536K, used 5767K [0x00000000c0e00000, 0x0000000100000000)
  region size 1024K, 2 young (2048K), 2 survivors (2048K)
 Metaspace       used 12758K, committed 12928K, reserved 1064960K
  class space    used 1202K, committed 1280K, reserved 1048576K
}

Deoptimization events (20 events):
Event: 0.294 Thread 0x000001525dc15680 DEOPT PACKING pc=0x0000015261727cd1 sp=0x00000008baafe310
Event: 0.294 Thread 0x000001525dc15680 DEOPT UNPACKING pc=0x00000152611cdece sp=0x00000008baafd788 mode 0
Event: 0.414 Thread 0x000001525dc15680 Uncommon trap: trap_request=0xffffff45 fr.pc=0x0000015268c61e5c relative=0x00000000000001bc
Event: 0.414 Thread 0x000001525dc15680 Uncommon trap: reason=unstable_if action=reinterpret pc=0x0000015268c61e5c method=java.lang.String.startsWith(Ljava/lang/String;I)Z @ 1 c2
Event: 0.414 Thread 0x000001525dc15680 DEOPT PACKING pc=0x0000015268c61e5c sp=0x00000008baafe9f0
Event: 0.414 Thread 0x000001525dc15680 DEOPT UNPACKING pc=0x00000152611cd72e sp=0x00000008baafe958 mode 2
Event: 0.421 Thread 0x000001525dc15680 Uncommon trap: trap_request=0xffffff45 fr.pc=0x0000015268c6c304 relative=0x0000000000000064
Event: 0.421 Thread 0x000001525dc15680 Uncommon trap: reason=unstable_if action=reinterpret pc=0x0000015268c6c304 method=java.io.WinNTFileSystem.isSlash(C)Z @ 9 c2
Event: 0.421 Thread 0x000001525dc15680 DEOPT PACKING pc=0x0000015268c6c304 sp=0x00000008baafedd0
Event: 0.421 Thread 0x000001525dc15680 DEOPT UNPACKING pc=0x00000152611cd72e sp=0x00000008baafed58 mode 2
Event: 0.451 Thread 0x000001525dc15680 DEOPT PACKING pc=0x00000152617428e5 sp=0x00000008baafe420
Event: 0.451 Thread 0x000001525dc15680 DEOPT UNPACKING pc=0x00000152611cdece sp=0x00000008baafd870 mode 0
Event: 0.458 Thread 0x000001525dc15680 DEOPT PACKING pc=0x00000152617428e5 sp=0x00000008baafad10
Event: 0.458 Thread 0x000001525dc15680 DEOPT UNPACKING pc=0x00000152611cdece sp=0x00000008baafa160 mode 0
Event: 0.625 Thread 0x000001525dc15680 Uncommon trap: trap_request=0xffffff45 fr.pc=0x0000015268c77df0 relative=0x0000000000000350
Event: 0.625 Thread 0x000001525dc15680 Uncommon trap: reason=unstable_if action=reinterpret pc=0x0000015268c77df0 method=java.lang.StringLatin1.newString([BII)Ljava/lang/String; @ 1 c2
Event: 0.625 Thread 0x000001525dc15680 DEOPT PACKING pc=0x0000015268c77df0 sp=0x00000008baaff0c0
Event: 0.625 Thread 0x000001525dc15680 DEOPT UNPACKING pc=0x00000152611cd72e sp=0x00000008baaff088 mode 2
Event: 0.699 Thread 0x000001525dc15680 DEOPT PACKING pc=0x000001526174b2fe sp=0x00000008baafdf40
Event: 0.699 Thread 0x000001525dc15680 DEOPT UNPACKING pc=0x00000152611cdece sp=0x00000008baafd3b0 mode 0

Classes unloaded (0 events):
No events

Classes redefined (0 events):
No events

Internal exceptions (17 events):
Event: 0.340 Thread 0x000001525dc15680 Exception <a 'java/lang/NoSuchMethodError'{0x00000000c4a05fc8}: 'void java.lang.invoke.DirectMethodHandle$Holder.invokeSpecial(java.lang.Object, java.lang.Object, java.lang.Object)'> (0x00000000c4a05fc8) 
thrown [t:\workspace\open\src\hotspot\share\interpreter\linkResolver.cpp, line 790]
Event: 0.467 Thread 0x000001525dc15680 Exception <a 'java/lang/NoSuchMethodError'{0x00000000c47feba0}: 'int java.lang.invoke.DirectMethodHandle$Holder.invokeStaticInit(java.lang.Object, java.lang.Object)'> (0x00000000c47feba0) 
thrown [t:\workspace\open\src\hotspot\share\interpreter\linkResolver.cpp, line 790]
Event: 0.549 Thread 0x000001525dc15680 Exception <a 'java/lang/NoSuchMethodError'{0x00000000c450edd8}: 'java.lang.Object java.lang.invoke.DirectMethodHandle$Holder.invokeStatic(java.lang.Object)'> (0x00000000c450edd8) 
thrown [t:\workspace\open\src\hotspot\share\interpreter\linkResolver.cpp, line 790]
Event: 0.550 Thread 0x000001525dc15680 Exception <a 'java/lang/NoSuchMethodError'{0x00000000c4512448}: 'java.lang.Object java.lang.invoke.DirectMethodHandle$Holder.invokeStaticInit(java.lang.Object)'> (0x00000000c4512448) 
thrown [t:\workspace\open\src\hotspot\share\interpreter\linkResolver.cpp, line 790]
Event: 0.623 Thread 0x000001525dc15680 Exception <a 'java/lang/NoSuchMethodError'{0x00000000c4534ff0}: 'void java.lang.invoke.DirectMethodHandle$Holder.invokeStatic(java.lang.Object, java.lang.Object)'> (0x00000000c4534ff0) 
thrown [t:\workspace\open\src\hotspot\share\interpreter\linkResolver.cpp, line 790]
Event: 0.675 Thread 0x000001525dc15680 Exception <a 'java/lang/ClassNotFoundException'{0x00000000c4434490}: com/sun/org/apache/xerces/internal/impl/msg/spi/SAXMessagesProvider> (0x00000000c4434490) 
thrown [t:\workspace\open\src\hotspot\share\classfile\systemDictionary.cpp, line 256]
Event: 0.725 Thread 0x000001525dc15680 Exception <a 'java/lang/NoSuchMethodError'{0x00000000c4312db8}: 'java.lang.Object java.lang.invoke.DirectMethodHandle$Holder.invokeStaticInit(java.lang.Object, int, int, int, int)'> (0x00000000c4312db8) 
thrown [t:\workspace\open\src\hotspot\share\interpreter\linkResolver.cpp, line 790]
Event: 0.863 Thread 0x000001525dc15680 Exception <a 'java/lang/NoSuchMethodError'{0x00000000c437eee8}: 'java.lang.Object java.lang.invoke.DirectMethodHandle$Holder.invokeStaticInit(java.lang.Object, java.lang.Object, int, int, int, int)'> (0x00000000c437eee8) 
thrown [t:\workspace\open\src\hotspot\share\interpreter\linkResolver.cpp, line 790]
Event: 1.117 Thread 0x000001525dc15680 Exception <a 'java/lang/NoSuchMethodError'{0x00000000c4d3ddf8}: 'int java.lang.invoke.DirectMethodHandle$Holder.invokeVirtual(java.lang.Object, java.lang.Object)'> (0x00000000c4d3ddf8) 
thrown [t:\workspace\open\src\hotspot\share\interpreter\linkResolver.cpp, line 790]
Event: 1.121 Thread 0x000001525dc15680 Exception <a 'java/lang/NoSuchMethodError'{0x00000000c4d69628}: 'java.lang.Object java.lang.invoke.Invokers$Holder.invokeExact_MT(java.lang.Object, java.lang.Object, java.lang.Object, java.lang.Object, java.lang.Object, java.lang.Object)'> (0x00000000c4d69628) 
thrown [t:\workspace\open\src\hotspot\share\interpreter\linkResolver.cpp, line 790]
Event: 1.150 Thread 0x000001525dc15680 Exception <a 'java/lang/NoSuchMethodError'{0x00000000c4de15d0}: 'int java.lang.invoke.DirectMethodHandle$Holder.invokeStaticInit(java.lang.Object, java.lang.Object, java.lang.Object)'> (0x00000000c4de15d0) 
thrown [t:\workspace\open\src\hotspot\share\interpreter\linkResolver.cpp, line 790]
Event: 1.214 Thread 0x000001525dc15680 Exception <a 'java/lang/NoSuchMethodError'{0x00000000c4b26980}: 'java.lang.Object java.lang.invoke.DirectMethodHandle$Holder.invokeSpecial(java.lang.Object, java.lang.Object, java.lang.Object, java.lang.Object, java.lang.Object, java.lang.Object, java.lang.Object, java.lang.Object, java.lang.Object, java.lang.Object)'> (0x00000000c4b26980) 
thrown [t:\workspace\open\src\hotspot\share\interpreter\linkResolver.cpp, line 790]
Event: 1.216 Thread 0x000001525dc15680 Exception <a 'java/lang/NoSuchMethodError'{0x00000000c4b321e8}: 'java.lang.Object java.lang.invoke.DirectMethodHandle$Holder.newInvokeSpecial(java.lang.Object, java.lang.Object, java.lang.Object, java.lang.Object, java.lang.Object, java.lang.Object, java.lang.Object, java.lang.Object, java.lang.Object)'> (0x00000000c4b321e8) 
thrown [t:\workspace\open\src\hotspot\share\interpreter\linkResolver.cpp, line 790]
Event: 1.216 Thread 0x000001525dc15680 Exception <a 'java/lang/NoSuchMethodError'{0x00000000c4b37648}: 'java.lang.Object java.lang.invoke.Invokers$Holder.linkToTargetMethod(java.lang.Object, java.lang.Object, java.lang.Object, java.lang.Object, java.lang.Object, java.lang.Object, java.lang.Object, java.lang.Object, java.lang.Object)'> (0x00000000c4b37648) 
thrown [t:\workspace\open\src\hotspot\share\interpreter\linkResolver.cpp, line 790]
Event: 1.230 Thread 0x000001525dc15680 Exception <a 'java/lang/NoSuchMethodError'{0x00000000c4b8b3b8}: 'java.lang.Object java.lang.invoke.DirectMethodHandle$Holder.newInvokeSpecial(java.lang.Object, java.lang.Object, java.lang.Object, java.lang.Object, java.lang.Object, java.lang.Object, java.lang.Object)'> (0x00000000c4b8b3b8) 
thrown [t:\workspace\open\src\hotspot\share\interpreter\linkResolver.cpp, line 790]
Event: 1.231 Thread 0x000001525dc15680 Exception <a 'java/lang/NoSuchMethodError'{0x00000000c4b90220}: 'java.lang.Object java.lang.invoke.Invokers$Holder.linkToTargetMethod(java.lang.Object, java.lang.Object, java.lang.Object, java.lang.Object, java.lang.Object, java.lang.Object, java.lang.Object)'> (0x00000000c4b90220) 
thrown [t:\workspace\open\src\hotspot\share\interpreter\linkResolver.cpp, line 790]
Event: 1.233 Thread 0x000001525dc15680 Exception <a 'java/lang/NoSuchMethodError'{0x00000000c4b9cbd8}: 'void java.lang.invoke.DirectMethodHandle$Holder.invokeStatic(java.lang.Object, java.lang.Object, java.lang.Object, java.lang.Object)'> (0x00000000c4b9cbd8) 
thrown [t:\workspace\open\src\hotspot\share\interpreter\linkResolver.cpp, line 790]

Events (20 events):
Event: 1.383 loading class java/text/spi/DateFormatProvider
Event: 1.383 loading class java/text/spi/DateFormatProvider done
Event: 1.383 loading class java/text/spi/DateFormatSymbolsProvider
Event: 1.383 loading class java/text/spi/DateFormatSymbolsProvider done
Event: 1.383 loading class java/text/spi/NumberFormatProvider
Event: 1.383 loading class java/text/spi/NumberFormatProvider done
Event: 1.383 loading class java/util/spi/CurrencyNameProvider
Event: 1.383 loading class java/util/spi/CurrencyNameProvider done
Event: 1.383 loading class java/util/spi/LocaleNameProvider
Event: 1.383 loading class java/util/spi/LocaleNameProvider done
Event: 1.383 loading class java/util/spi/TimeZoneNameProvider
Event: 1.383 loading class java/util/spi/TimeZoneNameProvider done
Event: 1.383 loading class sun/util/locale/provider/CalendarDataUtility$CalendarWeekParameterGetter
Event: 1.383 loading class sun/util/locale/provider/LocaleServiceProviderPool$LocalizedObjectGetter
Event: 1.383 loading class sun/util/locale/provider/LocaleServiceProviderPool$LocalizedObjectGetter done
Event: 1.383 loading class sun/util/locale/provider/CalendarDataUtility$CalendarWeekParameterGetter done
Event: 1.384 loading class sun/util/cldr/CLDRCalendarDataProviderImpl
Event: 1.384 loading class sun/util/locale/provider/CalendarDataProviderImpl
Event: 1.384 loading class sun/util/locale/provider/CalendarDataProviderImpl done
Event: 1.384 loading class sun/util/cldr/CLDRCalendarDataProviderImpl done


Dynamic libraries:
0x00007ff7bf4c0000 - 0x00007ff7bf4ce000 	C:\Users\Parimal\.p2\pool\plugins\org.eclipse.justj.openjdk.hotspot.jre.full.win32.x86_64_16.0.2.v20210721-1149\jre\bin\javaw.exe
0x00007ffc5cc20000 - 0x00007ffc5ce10000 	C:\Windows\SYSTEM32\ntdll.dll
0x00007ffc5adf0000 - 0x00007ffc5aea2000 	C:\Windows\System32\KERNEL32.DLL
0x00007ffc59e00000 - 0x00007ffc5a0a3000 	C:\Windows\System32\KERNELBASE.dll
0x00007ffc5a980000 - 0x00007ffc5aa7a000 	C:\Windows\System32\ucrtbase.dll
0x00007ffc4b670000 - 0x00007ffc4b688000 	C:\Users\Parimal\.p2\pool\plugins\org.eclipse.justj.openjdk.hotspot.jre.full.win32.x86_64_16.0.2.v20210721-1149\jre\bin\jli.dll
0x00007ffc55810000 - 0x00007ffc55829000 	C:\Users\Parimal\.p2\pool\plugins\org.eclipse.justj.openjdk.hotspot.jre.full.win32.x86_64_16.0.2.v20210721-1149\jre\bin\VCRUNTIME140.dll
0x00007ffc5c830000 - 0x00007ffc5c9c4000 	C:\Windows\System32\USER32.dll
0x00007ffc50bc0000 - 0x00007ffc50e45000 	C:\Windows\WinSxS\amd64_microsoft.windows.common-controls_6595b64144ccf1df_6.0.18362.418_none_e6c6b287130d565d\COMCTL32.dll
0x00007ffc5aa80000 - 0x00007ffc5aaa1000 	C:\Windows\System32\win32u.dll
0x00007ffc5b500000 - 0x00007ffc5b59e000 	C:\Windows\System32\msvcrt.dll
0x00007ffc5b070000 - 0x00007ffc5b096000 	C:\Windows\System32\GDI32.dll
0x00007ffc5b5a0000 - 0x00007ffc5b8d6000 	C:\Windows\System32\combase.dll
0x00007ffc5aab0000 - 0x00007ffc5ac44000 	C:\Windows\System32\gdi32full.dll
0x00007ffc59d00000 - 0x00007ffc59d9e000 	C:\Windows\System32\msvcp_win.dll
0x00007ffc5b0a0000 - 0x00007ffc5b1c0000 	C:\Windows\System32\RPCRT4.dll
0x00007ffc5ac50000 - 0x00007ffc5acd0000 	C:\Windows\System32\bcryptPrimitives.dll
0x00007ffc5b490000 - 0x00007ffc5b4be000 	C:\Windows\System32\IMM32.DLL
0x00007ffc55850000 - 0x00007ffc5585c000 	C:\Users\Parimal\.p2\pool\plugins\org.eclipse.justj.openjdk.hotspot.jre.full.win32.x86_64_16.0.2.v20210721-1149\jre\bin\vcruntime140_1.dll
0x00007ffc392f0000 - 0x00007ffc39381000 	C:\Users\Parimal\.p2\pool\plugins\org.eclipse.justj.openjdk.hotspot.jre.full.win32.x86_64_16.0.2.v20210721-1149\jre\bin\msvcp140.dll
0x00007ffc28950000 - 0x00007ffc294fb000 	C:\Users\Parimal\.p2\pool\plugins\org.eclipse.justj.openjdk.hotspot.jre.full.win32.x86_64_16.0.2.v20210721-1149\jre\bin\server\jvm.dll
0x00007ffc5afc0000 - 0x00007ffc5b063000 	C:\Windows\System32\ADVAPI32.dll
0x00007ffc5ad50000 - 0x00007ffc5ade7000 	C:\Windows\System32\sechost.dll
0x00007ffc5b4c0000 - 0x00007ffc5b4c8000 	C:\Windows\System32\PSAPI.DLL
0x00007ffc55960000 - 0x00007ffc55969000 	C:\Windows\SYSTEM32\WSOCK32.dll
0x00007ffc4fc30000 - 0x00007ffc4fc54000 	C:\Windows\SYSTEM32\WINMM.dll
0x00007ffc5c0c0000 - 0x00007ffc5c12f000 	C:\Windows\System32\WS2_32.dll
0x00007ffc506d0000 - 0x00007ffc506da000 	C:\Windows\SYSTEM32\VERSION.dll
0x00007ffc4fc00000 - 0x00007ffc4fc2d000 	C:\Windows\SYSTEM32\WINMMBASE.dll
0x00007ffc59c80000 - 0x00007ffc59cca000 	C:\Windows\System32\cfgmgr32.dll
0x00007ffc59b90000 - 0x00007ffc59ba1000 	C:\Windows\System32\kernel.appcore.dll
0x00007ffc54680000 - 0x00007ffc5468a000 	C:\Users\Parimal\.p2\pool\plugins\org.eclipse.justj.openjdk.hotspot.jre.full.win32.x86_64_16.0.2.v20210721-1149\jre\bin\jimage.dll
0x00007ffc4f0f0000 - 0x00007ffc4f2e4000 	C:\Windows\SYSTEM32\DBGHELP.DLL
0x00007ffc4f0c0000 - 0x00007ffc4f0ea000 	C:\Windows\SYSTEM32\dbgcore.DLL
0x00007ffc4b310000 - 0x00007ffc4b335000 	C:\Users\Parimal\.p2\pool\plugins\org.eclipse.justj.openjdk.hotspot.jre.full.win32.x86_64_16.0.2.v20210721-1149\jre\bin\java.dll
0x00007ffc54460000 - 0x00007ffc54478000 	C:\Users\Parimal\.p2\pool\plugins\org.eclipse.justj.openjdk.hotspot.jre.full.win32.x86_64_16.0.2.v20210721-1149\jre\bin\zip.dll
0x00007ffc5c130000 - 0x00007ffc5c815000 	C:\Windows\System32\SHELL32.dll
0x00007ffc5b220000 - 0x00007ffc5b2c9000 	C:\Windows\System32\shcore.dll
0x00007ffc5a200000 - 0x00007ffc5a97f000 	C:\Windows\System32\windows.storage.dll
0x00007ffc59b70000 - 0x00007ffc59b8f000 	C:\Windows\System32\profapi.dll
0x00007ffc59b20000 - 0x00007ffc59b6a000 	C:\Windows\System32\powrprof.dll
0x00007ffc59af0000 - 0x00007ffc59b00000 	C:\Windows\System32\UMPDC.dll
0x00007ffc5aeb0000 - 0x00007ffc5af02000 	C:\Windows\System32\shlwapi.dll
0x00007ffc59bb0000 - 0x00007ffc59bc7000 	C:\Windows\System32\cryptsp.dll
0x00007ffc540f0000 - 0x00007ffc54109000 	C:\Users\Parimal\.p2\pool\plugins\org.eclipse.justj.openjdk.hotspot.jre.full.win32.x86_64_16.0.2.v20210721-1149\jre\bin\net.dll
0x00007ffc51c70000 - 0x00007ffc51d60000 	C:\Windows\SYSTEM32\WINHTTP.dll
0x00007ffc59360000 - 0x00007ffc593c7000 	C:\Windows\system32\mswsock.dll
0x00007ffc51ad0000 - 0x00007ffc51ae3000 	C:\Users\Parimal\.p2\pool\plugins\org.eclipse.justj.openjdk.hotspot.jre.full.win32.x86_64_16.0.2.v20210721-1149\jre\bin\nio.dll
0x00007ffc590b0000 - 0x00007ffc5917a000 	C:\Windows\SYSTEM32\DNSAPI.dll
0x00007ffc5c820000 - 0x00007ffc5c828000 	C:\Windows\System32\NSI.dll
0x00007ffc59070000 - 0x00007ffc590aa000 	C:\Windows\SYSTEM32\IPHLPAPI.DLL
0x00007ffc51a50000 - 0x00007ffc51a5a000 	C:\Windows\System32\rasadhlp.dll
0x00007ffc54a00000 - 0x00007ffc54a77000 	C:\Windows\System32\fwpuclnt.dll
0x00007ffc59cd0000 - 0x00007ffc59cf6000 	C:\Windows\System32\bcrypt.dll
0x00007ffc58ed0000 - 0x00007ffc58f03000 	C:\Windows\system32\rsaenh.dll
0x00007ffc599e0000 - 0x00007ffc59a05000 	C:\Windows\SYSTEM32\USERENV.dll
0x00007ffc59530000 - 0x00007ffc5953c000 	C:\Windows\SYSTEM32\CRYPTBASE.dll
0x00007ffc54d20000 - 0x00007ffc54d36000 	C:\Windows\SYSTEM32\dhcpcsvc6.DLL
0x00007ffc54df0000 - 0x00007ffc54e0c000 	C:\Windows\SYSTEM32\dhcpcsvc.DLL
0x00007ffc54520000 - 0x00007ffc54530000 	C:\Users\Parimal\.p2\pool\plugins\org.eclipse.justj.openjdk.hotspot.jre.full.win32.x86_64_16.0.2.v20210721-1149\jre\bin\verify.dll

dbghelp: loaded successfully - version: 4.0.5 - missing functions: none
symbol engine: initialized successfully - sym options: 0x614 - pdb path: .;C:\Users\Parimal\.p2\pool\plugins\org.eclipse.justj.openjdk.hotspot.jre.full.win32.x86_64_16.0.2.v20210721-1149\jre\bin;C:\Windows\SYSTEM32;C:\Windows\WinSxS\amd64_microsoft.windows.common-controls_6595b64144ccf1df_6.0.18362.418_none_e6c6b287130d565d;C:\Users\Parimal\.p2\pool\plugins\org.eclipse.justj.openjdk.hotspot.jre.full.win32.x86_64_16.0.2.v20210721-1149\jre\bin\server

VM Arguments:
jvm_args: -ea -Dfile.encoding=Cp1252 -XX:+ShowCodeDetailsInExceptionMessages 
java_command: org.testng.remote.RemoteTestNG -serport 59901 -protocol json -d C:\Users\Parimal\eclipse-workspace\EcommerceTesting\test-output C:\Users\Parimal\AppData\Local\Temp\testng-eclipse-323702997\testng-customsuite.xml
java_class_path (initial): C:\Users\Parimal\eclipse\java-2021-06\eclipse\configuration\org.eclipse.osgi\470\0\.cp\lib\testng-remote.jar;C:\Users\Parimal\eclipse-workspace\EcommerceTesting\target\test-classes;C:\Users\Parimal\eclipse-workspace\EcommerceTesting\target\classes;C:\Users\Parimal\.p2\pool\plugins\org.testng_7.4.0.r202105021533.jar;C:\Users\Parimal\.p2\pool\plugins\com.beust.jcommander_1.78.0.jar;C:\Users\Parimal\.p2\pool\plugins\org.apache-extras.beanshell.bsh_2.0.0.b6.jar;C:\Users\Parimal\.p2\pool\plugins\org.yaml.snakeyaml_1.21.0.jar;C:\Users\Parimal\.p2\pool\plugins\org.webjars.jquery_3.5.1.jar;C:\Users\Parimal\.m2\repository\io\github\bonigarcia\webdrivermanager\4.4.3\webdrivermanager-4.4.3.jar;C:\Users\Parimal\.m2\repository\org\slf4j\slf4j-api\1.7.30\slf4j-api-1.7.30.jar;C:\Users\Parimal\.m2\repository\com\google\code\gson\gson\2.8.6\gson-2.8.6.jar;C:\Users\Parimal\.m2\repository\org\apache\commons\commons-lang3\3.12.0\commons-lang3-3.12.0.jar;C:\Users\Parimal\.m2\repository\org\apache\httpcomponents\client5\httpclient5\5.0.3\httpclient5-5.0.3.jar;C:\Users\Parimal\.m2\repository\org\apache\httpcomponents\core5\httpcore5\5.0.2\httpcore5-5.0.2.jar;C:\Users\Parimal\.m2\repository\org\apache\httpcomponents\core5\httpcore5-h2\5.0.2\httpcore5-h2-5.0.2.jar;C:\Users\Parimal\.m2\repository\org\rauschig\jarchivelib\1.1.0\jarchivelib-1.1.0.jar;C:\Users\Parimal\.m2\repository\org\jsoup\jsoup\1.13.1\jsoup-1.13.1.jar;C:\Users\Parimal\.m2\repository\org\seleniumhq\selenium\selenium-java\3.141.59\selenium-java-3.141.59.jar;C:\Users\Parimal\.m2\repository\org\seleniumhq\selenium\selenium-api\3.141.59\selenium-api-3.141.59.jar;C:\Users\Parimal\.m2\repository\org\seleniumhq\selenium\selenium-chrome-driver\3.141.59\selenium-chrome-driver-3.141.59.jar;C:\Users\Parimal\.m2\repository\org\seleniumhq\selenium\selenium-edge-driver\3.141.59\selenium-edge-driver-3.141.59.jar;C:\Users\Parimal\.m2\repository\org\seleniumhq\selenium\selenium-firefox-driver\3.141.59\selenium-fi
Launcher Type: SUN_STANDARD

[Global flags]
     intx CICompilerCount                          = 3                                         {product} {ergonomic}
     uint ConcGCThreads                            = 1                                         {product} {ergonomic}
     uint G1ConcRefinementThreads                  = 4                                         {product} {ergonomic}
   size_t G1HeapRegionSize                         = 1048576                                   {product} {ergonomic}
    uintx GCDrainStackTargetSize                   = 64                                        {product} {ergonomic}
   size_t InitialHeapSize                          = 67108864                                  {product} {ergonomic}
   size_t MarkStackSize                            = 4194304                                   {product} {ergonomic}
   size_t MaxHeapSize                              = 1059061760                                {product} {ergonomic}
   size_t MaxNewSize                               = 635437056                                 {product} {ergonomic}
   size_t MinHeapDeltaBytes                        = 1048576                                   {product} {ergonomic}
   size_t MinHeapSize                              = 8388608                                   {product} {ergonomic}
    uintx NonNMethodCodeHeapSize                   = 5832780                                {pd product} {ergonomic}
    uintx NonProfiledCodeHeapSize                  = 122912730                              {pd product} {ergonomic}
    uintx ProfiledCodeHeapSize                     = 122912730                              {pd product} {ergonomic}
    uintx ReservedCodeCacheSize                    = 251658240                              {pd product} {ergonomic}
     bool SegmentedCodeCache                       = true                                      {product} {ergonomic}
     bool ShowCodeDetailsInExceptionMessages       = true                                   {manageable} {command line}
   size_t SoftMaxHeapSize                          = 1059061760                             {manageable} {ergonomic}
     bool UseCompressedClassPointers               = true                           {product lp64_product} {ergonomic}
     bool UseCompressedOops                        = true                           {product lp64_product} {ergonomic}
     bool UseG1GC                                  = true                                      {product} {ergonomic}
     bool UseLargePagesIndividualAllocation        = false                                  {pd product} {ergonomic}

Logging:
Log output configuration:
 #0: stdout all=warning uptime,level,tags
 #1: stderr all=off uptime,level,tags

Environment Variables:
JAVA_HOME=C:\Program Files\Java\jdk1.8.0_301\
PATH=C:/Users/Parimal/.p2/pool/plugins/org.eclipse.justj.openjdk.hotspot.jre.full.win32.x86_64_16.0.2.v20210721-1149/jre/bin/server;C:/Users/Parimal/.p2/pool/plugins/org.eclipse.justj.openjdk.hotspot.jre.full.win32.x86_64_16.0.2.v20210721-1149/jre/bin;C:\Program Files (x86)\Common Files\Oracle\Java\javapath;C:\Windows\system32;C:\Windows;C:\Windows\System32\Wbem;C:\Windows\System32\WindowsPowerShell\v1.0\;C:\Windows\System32\OpenSSH\;C:\Program Files\Java\jdk1.8.0_301\bin;%MVN_HOME%\bin;%allure%\bin;C:\Users\Parimal\AppData\Local\Microsoft\WindowsApps;;C:\Windows\System32;
USERNAME=Parimal
OS=Windows_NT
PROCESSOR_IDENTIFIER=Intel64 Family 6 Model 69 Stepping 1, GenuineIntel



---------------  S Y S T E M  ---------------

OS:
 Windows 10 , 64 bit Build 18362 (10.0.18362.329)
OS uptime: 21 days 10:53 hours

CPU: total 4 (initial active 4) (2 cores per cpu, 2 threads per core) family 6 model 69 stepping 1 microcode 0x24, cx8, cmov, fxsr, ht, mmx, sse, sse2, sse3, ssse3, sse4.1, sse4.2, popcnt, lzcnt, tsc, tscinvbit, avx, avx2, aes, erms, clmul, bmi1, bmi2, fma, vzeroupper, clflush

Memory: 4k page, system-wide physical 4032M (249M free)
TotalPageFile size 16320M (AvailPageFile size 3M)
current process WorkingSet (physical memory assigned to process): 80M, peak: 80M
current process commit charge ("private bytes"): 152M, peak: 152M

vm_info: OpenJDK 64-Bit Server VM (16.0.2+7-67) for windows-amd64 JRE (16.0.2+7-67), built on Jun  8 2021 23:21:43 by "mach5one" with MS VC++ 16.7 (VS2019)

END.
